Android_Project/Daum_Map_API/Android_DaumMap_Sample_1.2.15.5/Android_DaumMap_Sample_1.2.15.5/app/build/outputs/logs/manifest-merger-debug-report.txt
-- Merging decision tree log ---
manifest
ADDED from src\main\AndroidManifest.xml:2:1-45:12
	xmlns:android
		ADDED from src\main\AndroidManifest.xml:2:11-69
	package
		ADDED from src\main\AndroidManifest.xml:3:5-53
		INJECTED from src\main\AndroidManifest.xml
		INJECTED from src\main\AndroidManifest.xml
	android:versionName
		INJECTED from src\main\AndroidManifest.xml
		INJECTED from src\main\AndroidManifest.xml
	android:versionCode
		INJECTED from src\main\AndroidManifest.xml
		INJECTED from src\main\AndroidManifest.xml
uses-permission#android.permission.INTERNET
ADDED from src\main\AndroidManifest.xml:5:5-67
	android:name
		ADDED from src\main\AndroidManifest.xml:5:22-64
uses-permission#android.permission.ACCESS_FINE_LOCATION
ADDED from src\main\AndroidManifest.xml:6:5-79
	android:name
		ADDED from src\main\AndroidManifest.xml:6:22-76
application
ADDED from src\main\AndroidManifest.xml:8:5-43:19
MERGED from [com.android.support:appcompat-v7:21.0.3] AndroidManifest.xml:16:5-19
MERGED from [com.android.support:support-v4:21.0.3] AndroidManifest.xml:16:5-19
	android:label
		ADDED from src\main\AndroidManifest.xml:11:9-41
	android:allowBackup
		ADDED from src\main\AndroidManifest.xml:9:9-35
	android:icon
		ADDED from src\main\AndroidManifest.xml:10:9-45
activity#net.daum.android.map.openapi.sampleapp.MainActivity
ADDED from src\main\AndroidManifest.xml:12:9-20:20
	android:label
		ADDED from src\main\AndroidManifest.xml:14:13-45
	android:name
		ADDED from src\main\AndroidManifest.xml:13:13-41
intent-filter#android.intent.action.MAIN+android.intent.category.LAUNCHER
ADDED from src\main\AndroidManifest.xml:15:13-19:29
action#android.intent.action.MAIN
ADDED from src\main\AndroidManifest.xml:16:17-69
	android:name
		ADDED from src\main\AndroidManifest.xml:16:25-66
category#android.intent.category.LAUNCHER
ADDED from src\main\AndroidManifest.xml:18:17-77
	android:name
		ADDED from src\main\AndroidManifest.xml:18:27-74
activity#net.daum.android.map.openapi.sampleapp.demos.MapViewDemoActivity
ADDED from src\main\AndroidManifest.xml:22:9-24:68
	android:label
		ADDED from src\main\AndroidManifest.xml:24:13-56
	android:name
		ADDED from src\main\AndroidManifest.xml:23:13-54
activity#net.daum.android.map.openapi.sampleapp.demos.MarkerDemoActivity
ADDED from src\main\AndroidManifest.xml:25:9-27:66
	android:label
		ADDED from src\main\AndroidManifest.xml:27:13-54
	android:name
		ADDED from src\main\AndroidManifest.xml:26:13-53
activity#net.daum.android.map.openapi.sampleapp.demos.PolygonDemoActivity
ADDED from src\main\AndroidManifest.xml:28:9-30:67
	android:label
		ADDED from src\main\AndroidManifest.xml:30:13-55
	android:name
		ADDED from src\main\AndroidManifest.xml:29:13-54
activity#net.daum.android.map.openapi.sampleapp.demos.LocationDemoActivity
ADDED from src\main\AndroidManifest.xml:31:9-33:68
	android:label
		ADDED from src\main\AndroidManifest.xml:33:13-56
	android:name
		ADDED from src\main\AndroidManifest.xml:32:13-55
activity#net.daum.android.map.openapi.sampleapp.demos.CameraDemoActivity
ADDED from src\main\AndroidManifest.xml:34:9-36:66
	android:label
		ADDED from src\main\AndroidManifest.xml:36:13-54
	android:name
		ADDED from src\main\AndroidManifest.xml:35:13-53
activity#net.daum.android.map.openapi.sampleapp.demos.EventsDemoActivity
ADDED from src\main\AndroidManifest.xml:37:9-39:66
	android:label
		ADDED from src\main\AndroidManifest.xml:39:13-54
	android:name
		ADDED from src\main\AndroidManifest.xml:38:13-53
activity#net.daum.android.map.openapi.sampleapp.demos.SearchDemoActivity
ADDED from src\main\AndroidManifest.xml:40:9-42:66
	android:label
		ADDED from src\main\AndroidManifest.xml:42:13-54
	android:name
		ADDED from src\main\AndroidManifest.xml:41:13-53
uses-sdk
INJECTED from src\main\AndroidManifest.xml reason: use-sdk injection requested
MERGED from [com.android.support:appcompat-v7:21.0.3] AndroidManifest.xml:15:5-42
MERGED from [com.android.support:support-v4:21.0.3] AndroidManifest.xml:15:5-42
	android:targetSdkVersion
		INJECTED from src\main\AndroidManifest.xml
		INJECTED from src\main\AndroidManifest.xml
	android:minSdkVersion
		INJECTED from src\main\AndroidManifest.xml
		INJECTED from src\main\AndroidManifest.xml